<?xml version="1.0" encoding="UTF-8"?>
<!-- Generated by org.testng.reporters.JUnitReportReporter -->
<testsuite hostname="LAPTOP-4GHHF3C6" failures="0" tests="4" name="Testpack.Testng" time="98.731" errors="0" timestamp="2023-03-30T20:59:40 IST" skipped="0">
  <testcase classname="Testpack.Testng" name="VerifyToDesktopTab" time="43.043"/>
  <system-out/>
  <testcase classname="Testpack.Testng" name="verifyTofeatures" time="4.706"/>
  <system-out/>
  <testcase classname="Testpack.Testng" name="verifyTofeatures" time="3.685"/>
  <system-out/>
  <testcase classname="Testpack.Testng" name="VerifyToDesktopTab" time="47.297"/>
  <system-out/>
</testsuite> <!-- Testpack.Testng -->
