<?xml version="1.0" encoding="UTF-8"?>
<!-- Generated by org.testng.reporters.JUnitReportReporter -->
<testsuite hostname="LAPTOP-4GHHF3C6" failures="0" tests="4" name="Testpack.VerifyToFeatures" time="79.489" errors="0" timestamp="2023-04-04T15:05:51 IST" skipped="0">
  <testcase classname="Testpack.VerifyToFeatures" name="VerifyToDesktopTab" time="51.397"/>
  <system-out/>
  <testcase classname="Testpack.VerifyToFeatures" name="verifyTofeatures" time="11.660"/>
  <system-out/>
  <testcase classname="Testpack.VerifyToFeatures" name="VerifyToDesktopTab" time="5.831"/>
  <system-out/>
  <testcase classname="Testpack.VerifyToFeatures" name="verifyTofeatures" time="10.601"/>
  <system-out/>
</testsuite> <!-- Testpack.VerifyToFeatures -->
