<?xml version="1.0" encoding="UTF-8"?>
<!-- Generated by org.testng.reporters.JUnitReportReporter -->
<testsuite hostname="LAPTOP-4GHHF3C6" failures="0" tests="8" name="Testpack.Testpack" time="0.013" errors="0" timestamp="2023-03-30T20:59:40 IST" skipped="0">
  <testcase classname="Testpack.Testpack" name="test2" time="0.002"/>
  <system-out/>
  <testcase classname="Testpack.Testpack" name="test2" time="0.002"/>
  <system-out/>
  <testcase classname="Testpack.Testpack" name="test3" time="0.003"/>
  <system-out/>
  <testcase classname="Testpack.Testpack" name="test3" time="0.001"/>
  <system-out/>
  <testcase classname="Testpack.Testpack" name="test1" time="0.001"/>
  <system-out/>
  <testcase classname="Testpack.Testpack" name="test1" time="0.000"/>
  <system-out/>
  <testcase classname="Testpack.Testpack" name="test4" time="0.002"/>
  <system-out/>
  <testcase classname="Testpack.Testpack" name="test4" time="0.002"/>
  <system-out/>
</testsuite> <!-- Testpack.Testpack -->
